TIME[12:16:21]FILE [sync_chnl.c] LINE [135]:创建服务器套接字成功
TIME[12:16:23]FILE [sync_chnl.c] LINE [222]:获取到的报文信息为[111|222|333]
TIME[12:16:23]FILE [sync_chnl.c] LINE [235]:全系统跟踪号为[2655507]
TIME[12:16:23]FILE [sync_chnl.c] LINE [246]:放置交易报文信息到共享内存hash表中成功,跟踪号：[2655507],报文长度[11]
TIME[12:16:23]FILE [sync_chnl.c] LINE [261]:获取可用服务并发送控制信号
TIME[12:16:23]FILE [sync_chnl.c] LINE [281]:准备发送到的服务进程为 [3498]
TIME[12:16:23]FILE [sync_chnl.c] LINE [284]:发送控制信号到服务 [3498]成功
TIME[12:16:43]FILE [sync_chnl.c] LINE [62]:交易超时结束
TIME[10:55:59]FILE [sync_chnl.c] LINE [135]:创建服务器套接字成功
TIME[10:56:24]FILE [sync_chnl.c] LINE [222]:获取到的报文信息为[111|222|333
]
TIME[10:56:24]FILE [sync_chnl.c] LINE [235]:全系统跟踪号为[649590]
TIME[10:56:24]FILE [sync_chnl.c] LINE [246]:放置交易报文信息到共享内存hash表中成功,跟踪号：[649590],报文长度[13]
TIME[10:56:24]FILE [sync_chnl.c] LINE [261]:获取可用服务并发送控制信号
TIME[10:56:24]FILE [sync_chnl.c] LINE [281]:准备发送到的服务进程为 [29720]
TIME[10:56:24]FILE [sync_chnl.c] LINE [284]:发送控制信号到服务 [29720]成功
TIME[10:56:27]FILE [sync_chnl.c] LINE [345]:获取到服务返回信息
TIME[10:56:27]FILE [sync_chnl.c] LINE [349]:获取到服务返回信息，跟踪号[649590]返回信息[]
TIME[10:56:27]FILE [sync_chnl.c] LINE [173]:渠道处理成功
TIME[10:56:27]FILE [sync_chnl.c] LINE [53]:子进程[29848]退出，退出状态[0]
